Traceback (most recent call last):
  File "/home/user/robotu-molkit/.venv/lib/python3.11/site-packages/jupyter_cache/executors/utils.py", line 58, in single_nb_execution
    executenb(
  File "/home/user/robotu-molkit/.venv/lib/python3.11/site-packages/nbclient/client.py", line 1319, in execute
    return NotebookClient(nb=nb, resources=resources, km=km, **kwargs).execute()
           ^^^^^^^^^^^^^^^^^^^^^^^^^^^^^^^^^^^^^^^^^^^^^^^^^^^^^^^^^^^^^^^^^^^^^
  File "/home/user/robotu-molkit/.venv/lib/python3.11/site-packages/jupyter_core/utils/__init__.py", line 165, in wrapped
    return loop.run_until_complete(inner)
           ^^^^^^^^^^^^^^^^^^^^^^^^^^^^^^
  File "/usr/lib/python3.11/asyncio/base_events.py", line 654, in run_until_complete
    return future.result()
           ^^^^^^^^^^^^^^^
  File "/home/user/robotu-molkit/.venv/lib/python3.11/site-packages/nbclient/client.py", line 709, in async_execute
    await self.async_execute_cell(
  File "/home/user/robotu-molkit/.venv/lib/python3.11/site-packages/nbclient/client.py", line 1062, in async_execute_cell
    await self._check_raise_for_error(cell, cell_index, exec_reply)
  File "/home/user/robotu-molkit/.venv/lib/python3.11/site-packages/nbclient/client.py", line 918, in _check_raise_for_error
    raise CellExecutionError.from_cell_and_msg(cell, exec_reply_content)
nbclient.exceptions.CellExecutionError: An error occurred while executing the following cell:
------------------
if __name__ == "__main__":
    main()
------------------


[0;31m---------------------------------------------------------------------------[0m
[0;31mFileNotFoundError[0m                         Traceback (most recent call last)
Cell [0;32mIn[6], line 2[0m
[1;32m      1[0m [38;5;28;01mif[39;00m [38;5;18m__name__[39m [38;5;241m==[39m [38;5;124m"[39m[38;5;124m__main__[39m[38;5;124m"[39m:
[0;32m----> 2[0m     [43mmain[49m[43m([49m[43m)[49m

Cell [0;32mIn[5], line 3[0m, in [0;36mmain[0;34m()[0m
[1;32m      1[0m [38;5;28;01mdef[39;00m[38;5;250m [39m[38;5;21mmain[39m():
[1;32m      2[0m     [38;5;66;03m# Initialize searcher[39;00m
[0;32m----> 3[0m     searcher [38;5;241m=[39m [43mLocalSearch[49m[43m([49m[43mjsonl_path[49m[38;5;241;43m=[39;49m[43mJSONL_PATH[49m[43m)[49m
[1;32m      5[0m     [38;5;66;03m# Define query and metadata filters[39;00m
[1;32m      6[0m     query_text [38;5;241m=[39m (
[1;32m      7[0m         [38;5;124m"[39m[38;5;124mMethylxanthine derivatives with central nervous system stimulant activity[39m[38;5;124m"[39m
[1;32m      8[0m     )

File [0;32m~/robotu-molkit/src/robotu_molkit/search/searcher.py:104[0m, in [0;36mLocalSearch.__init__[0;34m(self, jsonl_path, override_api_key, override_project_id, ibm_url, embed_model_id)[0m
[1;32m    101[0m [38;5;28mself[39m[38;5;241m.[39membed_client [38;5;241m=[39m WatsonxEmbeddingClient(api_key[38;5;241m=[39mapi_key, project_id[38;5;241m=[39mproject_id,
[1;32m    102[0m                                            ibm_url[38;5;241m=[39mibm_url, model[38;5;241m=[39membed_model_id)
[1;32m    103[0m path [38;5;241m=[39m Path(jsonl_path)
[0;32m--> 104[0m first [38;5;241m=[39m json[38;5;241m.[39mloads([43mpath[49m[38;5;241;43m.[39;49m[43mopen[49m[43m([49m[43m)[49m[38;5;241m.[39mread()[38;5;241m.[39msplitlines()[[38;5;241m0[39m])
[1;32m    105[0m dim [38;5;241m=[39m [38;5;28mlen[39m(first[38;5;241m.[39mget([38;5;124m"[39m[38;5;124mvector[39m[38;5;124m"[39m, []))
[1;32m    106[0m [38;5;28mself[39m[38;5;241m.[39mindex [38;5;241m=[39m FAISSIndexManager(dim)

File [0;32m/usr/lib/python3.11/pathlib.py:1044[0m, in [0;36mPath.open[0;34m(self, mode, buffering, encoding, errors, newline)[0m
[1;32m   1042[0m [38;5;28;01mif[39;00m [38;5;124m"[39m[38;5;124mb[39m[38;5;124m"[39m [38;5;129;01mnot[39;00m [38;5;129;01min[39;00m mode:
[1;32m   1043[0m     encoding [38;5;241m=[39m io[38;5;241m.[39mtext_encoding(encoding)
[0;32m-> 1044[0m [38;5;28;01mreturn[39;00m io[38;5;241m.[39mopen([38;5;28mself[39m, mode, buffering, encoding, errors, newline)

[0;31mFileNotFoundError[0m: [Errno 2] No such file or directory: 'data/vectors/watsonx_vectors.jsonl'

